{
  "RSpec": {
    "coverage": {
      "/Users/xaunlopez/Projects/wdi/06-advanced/bang-up/spec/models/admin_spec.rb": [
        null,
        null,
        null,
        null,
        null,
        null,
        null,
        null,
        null,
        null,
        null,
        null,
        null,
        1,
        null,
        1,
        null,
        null,
        2,
        null,
        null,
        null,
        null,
        1,
        null,
        1,
        1,
        1,
        1,
        null,
        null,
        1,
        1,
        1,
        null,
        null,
        1,
        2,
        null,
        null,
        1,
        1,
        1,
        1,
        null,
        null,
        null,
        null,
        1,
        1,
        1,
        1,
        1,
        4,
        4,
        null,
        1,
        null,
        null,
        null,
        1,
        1,
        1,
        1,
        1,
        5,
        5,
        null,
        null,
        null,
        null,
        null,
        null,
        1,
        null,
        1,
        1,
        1,
        1,
        null,
        null,
        1,
        2,
        null,
        null,
        1,
        2,
        null,
        null,
        null,
        null,
        1,
        null,
        1,
        1,
        1,
        1,
        null,
        null,
        1,
        2,
        null,
        null,
        1,
        2,
        null,
        null,
        null,
        null,
        1,
        null,
        1,
        1,
        1,
        1,
        null,
        null,
        1,
        1,
        1,
        null,
        null,
        1,
        1,
        1,
        1,
        null,
        null,
        null,
        1,
        1,
        1,
        1,
        1,
        2,
        2,
        2,
        null,
        1,
        null,
        null,
        null,
        1,
        1,
        1,
        null,
        null,
        null,
        1,
        2,
        null,
        null,
        null
      ],
      "/Users/xaunlopez/Projects/wdi/06-advanced/bang-up/spec/rails_helper.rb": [
        null,
        1,
        1,
        1,
        1,
        null,
        null,
        null,
        null,
        null,
        null,
        null,
        null,
        1,
        null,
        null,
        null,
        1,
        null,
        1,
        null,
        1,
        null,
        null,
        null,
        null,
        1,
        null,
        null,
        null,
        null,
        null,
        null,
        null,
        null,
        null,
        null,
        null,
        null,
        null,
        null,
        null,
        null,
        null,
        null,
        null,
        null,
        null,
        null,
        null,
        null,
        null,
        1,
        null
      ],
      "/Users/xaunlopez/Projects/wdi/06-advanced/bang-up/config/environment.rb": [
        null,
        1,
        null,
        null,
        1
      ],
      "/Users/xaunlopez/Projects/wdi/06-advanced/bang-up/config/application.rb": [
        1,
        null,
        null,
        1,
        1,
        1,
        1,
        1,
        1,
        null,
        null,
        null,
        null,
        1,
        null,
        1,
        1,
        null,
        null,
        null,
        null,
        null,
        null,
        null,
        null,
        null,
        null,
        null,
        null,
        null
      ],
      "/Users/xaunlopez/Projects/wdi/06-advanced/bang-up/config/boot.rb": [
        null,
        1,
        null,
        1
      ],
      "/Users/xaunlopez/Projects/wdi/06-advanced/bang-up/config/environments/test.rb": [
        1,
        null,
        null,
        null,
        null,
        null,
        null,
        1,
        null,
        null,
        null,
        null,
        1,
        null,
        null,
        1,
        1,
        null,
        null,
        1,
        1,
        null,
        null,
        1,
        null,
        null,
        1,
        null,
        null,
        null,
        null,
        1,
        null,
        null,
        1,
        null,
        null,
        null,
        null
      ],
      "/Users/xaunlopez/Projects/wdi/06-advanced/bang-up/config/initializers/backtrace_silencers.rb": [
        null,
        null,
        null,
        null,
        null,
        null,
        null
      ],
      "/Users/xaunlopez/Projects/wdi/06-advanced/bang-up/config/initializers/cookies_serializer.rb": [
        null,
        null,
        1
      ],
      "/Users/xaunlopez/Projects/wdi/06-advanced/bang-up/config/initializers/filter_parameter_logging.rb": [
        null,
        null,
        null,
        1
      ],
      "/Users/xaunlopez/Projects/wdi/06-advanced/bang-up/config/initializers/inflections.rb": [
        null,
        null,
        null,
        null,
        null,
        null,
        null,
        null,
        null,
        null,
        null,
        null,
        null,
        null,
        null,
        null
      ],
      "/Users/xaunlopez/Projects/wdi/06-advanced/bang-up/config/initializers/mime_types.rb": [
        null,
        null,
        null,
        null
      ],
      "/Users/xaunlopez/Projects/wdi/06-advanced/bang-up/config/initializers/session_store.rb": [
        null,
        null,
        1
      ],
      "/Users/xaunlopez/Projects/wdi/06-advanced/bang-up/config/initializers/wrap_parameters.rb": [
        null,
        null,
        null,
        null,
        null,
        null,
        1,
        1,
        null,
        null,
        null,
        null,
        null,
        null
      ],
      "/Users/xaunlopez/Projects/wdi/06-advanced/bang-up/spec/factories/admins.rb": [
        null,
        null,
        null,
        null,
        null,
        null,
        null,
        null,
        null,
        null,
        null,
        null,
        null,
        1,
        1,
        18,
        18,
        17,
        1,
        1,
        null,
        null
      ],
      "/Users/xaunlopez/Projects/wdi/06-advanced/bang-up/spec/factories/sequences.rb": [
        1,
        1,
        17,
        null,
        1,
        17,
        null,
        1,
        16,
        null,
        null
      ],
      "/Users/xaunlopez/Projects/wdi/06-advanced/bang-up/config/routes.rb": [
        1,
        1,
        null
      ],
      "/Users/xaunlopez/Projects/wdi/06-advanced/bang-up/app/helpers/application_helper.rb": [
        1,
        null
      ],
      "/Users/xaunlopez/Projects/wdi/06-advanced/bang-up/app/models/admin.rb": [
        null,
        null,
        null,
        null,
        null,
        null,
        null,
        null,
        null,
        null,
        null,
        null,
        null,
        1,
        1,
        null,
        1,
        1,
        1,
        1,
        1,
        1,
        1,
        null,
        null,
        null,
        null,
        null,
        null
      ],
      "/Users/xaunlopez/Projects/wdi/06-advanced/bang-up/app/models/store.rb": [
        null,
        null,
        null,
        null,
        null,
        null,
        null,
        null,
        null,
        null,
        null,
        null,
        null,
        null,
        null,
        null,
        null,
        null,
        null,
        1,
        1,
        1,
        1,
        1,
        1,
        null
      ]
    },
    "timestamp": 1408327266
  }
}
